  Curve.cpp
  Renderer.cpp
C:\Users\apoor\OneDrive\Desktop\assignment2_starter_code\Shader.h(51,10): warning C4101: 'info_log': unreferenced local variable
C:\Users\apoor\OneDrive\Desktop\assignment2_starter_code\Object.h(78,1): warning C4267: 'initializing': conversion from 'size_t' to 'int', possible loss of data
C:\Users\apoor\OneDrive\Desktop\assignment2_starter_code\Object.h(172,1): warning C4305: 'argument': truncation from 'int' to 'T'
          with
          [
              T=float
          ]
C:\Users\apoor\OneDrive\Desktop\assignment2_starter_code\Renderer.cpp(274,24): warning C4244: 'initializing': conversion from 'double' to 'GLfloat', possible loss of data
C:\Users\apoor\OneDrive\Desktop\assignment2_starter_code\Renderer.cpp(321,60): warning C4267: 'argument': conversion from 'size_t' to 'GLsizei', possible loss of data
C:\Users\apoor\OneDrive\Desktop\assignment2_starter_code\Renderer.cpp(331,60): warning C4267: 'argument': conversion from 'size_t' to 'GLsizei', possible loss of data
C:\Users\apoor\OneDrive\Desktop\assignment2_starter_code\Renderer.cpp(336,60): warning C4267: 'argument': conversion from 'size_t' to 'GLsizei', possible loss of data
C:\Users\apoor\OneDrive\Desktop\assignment2_starter_code\Renderer.cpp(343,56): warning C4267: 'argument': conversion from 'size_t' to 'GLsizei', possible loss of data
  main.cpp
C:\Users\apoor\OneDrive\Desktop\assignment2_starter_code\Shader.h(51,10): warning C4101: 'info_log': unreferenced local variable
C:\Users\apoor\OneDrive\Desktop\assignment2_starter_code\Object.h(78,1): warning C4267: 'initializing': conversion from 'size_t' to 'int', possible loss of data
C:\Users\apoor\OneDrive\Desktop\assignment2_starter_code\Object.h(172,1): warning C4305: 'argument': truncation from 'int' to 'T'
          with
          [
              T=float
          ]
LINK : warning LNK4098: defaultlib 'LIBCMT' conflicts with use of other libs; use /NODEFAULTLIB:library
  Generating code
  0 of 1384 functions ( 0.0%) were compiled, the rest were copied from previous compilation.
    0 functions were new in current compilation
    0 functions had inline decision re-evaluated but remain unchanged
  Finished generating code
glew32s.lib(glew.obj) : warning LNK4099: PDB 'vc120.pdb' was not found with 'glew32s.lib(glew.obj)' or at 'C:\Users\apoor\OneDrive\Desktop\CAG_CallumRom\x64\Release\vc120.pdb'; linking object as if no debug info
  CAG_CallumRom.vcxproj -> C:\Users\apoor\OneDrive\Desktop\CAG_CallumRom\x64\Release\CAG_CallumRom.exe
